app/build/intermediates/manifest_merge_blame_file/debug/processDebugMainManifest/manifest-merger-blame-debug-report.txt
1<?xml version="1.0" encoding="utf-8"?>
2<manifest xmlns:android="http://schemas.android.com/apk/res/android"
3    package="com.akuras.pdfscanner"
4    android:versionCode="1"
5    android:versionName="1.0" >
6
7    <uses-sdk
8        android:minSdkVersion="26"
9        android:targetSdkVersion="35" />
10
11    <uses-feature
11-->src/main/AndroidManifest.xml:4:5-6:36
12        android:name="android.hardware.camera.any"
12-->src/main/AndroidManifest.xml:5:9-51
13        android:required="false" />
13-->src/main/AndroidManifest.xml:6:9-33
14
15    <permission
15-->[androidx.core:core:1.15.0] AndroidManifest.xml:22:5-24:47
16        android:name="com.akuras.pdfscanner.DYNAMIC_RECEIVER_NOT_EXPORTED_PERMISSION"
16-->[androidx.core:core:1.15.0] AndroidManifest.xml:23:9-81
17        android:protectionLevel="signature" />
17-->[androidx.core:core:1.15.0] AndroidManifest.xml:24:9-44
18
19    <uses-permission android:name="com.akuras.pdfscanner.DYNAMIC_RECEIVER_NOT_EXPORTED_PERMISSION" /> <!-- Although the *SdkVersion is captured in gradle build files, this is required for non gradle builds -->
19-->[androidx.core:core:1.15.0] AndroidManifest.xml:26:5-97
19-->[androidx.core:core:1.15.0] AndroidManifest.xml:26:22-94
20    <!-- <uses-sdk android:minSdkVersion="14"/> -->
21    <uses-permission android:name="android.permission.ACCESS_NETWORK_STATE" />
21-->[com.google.android.datatransport:transport-backend-cct:2.3.3] AndroidManifest.xml:25:5-79
21-->[com.google.android.datatransport:transport-backend-cct:2.3.3] AndroidManifest.xml:25:22-76
22    <uses-permission android:name="android.permission.INTERNET" />
22-->[com.google.android.datatransport:transport-backend-cct:2.3.3] AndroidManifest.xml:26:5-67
22-->[com.google.android.datatransport:transport-backend-cct:2.3.3] AndroidManifest.xml:26:22-64
23
24    <application
24-->src/main/AndroidManifest.xml:8:5-27:19
25        android:allowBackup="true"
25-->src/main/AndroidManifest.xml:9:9-35
26        android:appComponentFactory="androidx.core.app.CoreComponentFactory"
26-->[androidx.core:core:1.15.0] AndroidManifest.xml:28:18-86
27        android:debuggable="true"
28        android:extractNativeLibs="false"
29        android:icon="@mipmap/ic_launcher"
29-->src/main/AndroidManifest.xml:10:9-43
30        android:label="@string/app_name"
30-->src/main/AndroidManifest.xml:11:9-41
31        android:roundIcon="@mipmap/ic_launcher_round"
31-->src/main/AndroidManifest.xml:12:9-54
32        android:supportsRtl="true"
32-->src/main/AndroidManifest.xml:13:9-35
33        android:theme="@style/Theme.PDFScanner" >
33-->src/main/AndroidManifest.xml:14:9-48
34        <activity
34-->src/main/AndroidManifest.xml:15:9-17:40
35            android:name="com.akuras.pdfscanner.SettingsActivity"
35-->src/main/AndroidManifest.xml:16:13-45
36            android:exported="false" />
36-->src/main/AndroidManifest.xml:17:13-37
37        <activity
37-->src/main/AndroidManifest.xml:18:9-26:20
38            android:name="com.akuras.pdfscanner.MainActivity"
38-->src/main/AndroidManifest.xml:19:13-41
39            android:exported="true" >
39-->src/main/AndroidManifest.xml:20:13-36
40            <intent-filter>
40-->src/main/AndroidManifest.xml:21:13-25:29
41                <action android:name="android.intent.action.MAIN" />
41-->src/main/AndroidManifest.xml:22:17-69
41-->src/main/AndroidManifest.xml:22:25-66
42
43                <category android:name="android.intent.category.LAUNCHER" />
43-->src/main/AndroidManifest.xml:24:17-77
43-->src/main/AndroidManifest.xml:24:27-74
44            </intent-filter>
45        </activity>
46        <!--
47        This activity is an invisible delegate activity to start scanner activity
48        and receive result, so it's unnecessary to support screen orientation and
49        we can avoid any side effect from activity recreation in any case.
50        -->
51        <activity
51-->[com.google.android.gms:play-services-mlkit-document-scanner:16.0.0-beta1] AndroidManifest.xml:15:9-21:20
52            android:name="com.google.mlkit.vision.documentscanner.internal.GmsDocumentScanningDelegateActivity"
52-->[com.google.android.gms:play-services-mlkit-document-scanner:16.0.0-beta1] AndroidManifest.xml:16:13-112
53            android:exported="false"
53-->[com.google.android.gms:play-services-mlkit-document-scanner:16.0.0-beta1] AndroidManifest.xml:17:13-37
54            android:screenOrientation="portrait"
54-->[com.google.android.gms:play-services-mlkit-document-scanner:16.0.0-beta1] AndroidManifest.xml:18:13-49
55            android:theme="@android:style/Theme.Black.NoTitleBar.Fullscreen" >
55-->[com.google.android.gms:play-services-mlkit-document-scanner:16.0.0-beta1] AndroidManifest.xml:19:13-77
56        </activity>
57        <activity
57-->[androidx.compose.ui:ui-tooling-android:1.7.8] AndroidManifest.xml:23:9-25:39
58            android:name="androidx.compose.ui.tooling.PreviewActivity"
58-->[androidx.compose.ui:ui-tooling-android:1.7.8] AndroidManifest.xml:24:13-71
59            android:exported="true" />
59-->[androidx.compose.ui:ui-tooling-android:1.7.8] AndroidManifest.xml:25:13-36
60        <activity
60-->[androidx.compose.ui:ui-test-manifest:1.7.8] AndroidManifest.xml:23:9-25:39
61            android:name="androidx.activity.ComponentActivity"
61-->[androidx.compose.ui:ui-test-manifest:1.7.8] AndroidManifest.xml:24:13-63
62            android:exported="true" />
62-->[androidx.compose.ui:ui-test-manifest:1.7.8] AndroidManifest.xml:25:13-36
63
64        <provider
64-->[com.google.mlkit:common:18.10.0] AndroidManifest.xml:9:9-13:38
65            android:name="com.google.mlkit.common.internal.MlKitInitProvider"
65-->[com.google.mlkit:common:18.10.0] AndroidManifest.xml:10:13-78
66            android:authorities="com.akuras.pdfscanner.mlkitinitprovider"
66-->[com.google.mlkit:common:18.10.0] AndroidManifest.xml:11:13-69
67            android:exported="false"
67-->[com.google.mlkit:common:18.10.0] AndroidManifest.xml:12:13-37
68            android:initOrder="99" />
68-->[com.google.mlkit:common:18.10.0] AndroidManifest.xml:13:13-35
69
70        <service
70-->[com.google.mlkit:common:18.10.0] AndroidManifest.xml:15:9-23:19
71            android:name="com.google.mlkit.common.internal.MlKitComponentDiscoveryService"
71-->[com.google.mlkit:common:18.10.0] AndroidManifest.xml:16:13-91
72            android:directBootAware="true"
72-->[com.google.mlkit:common:18.10.0] AndroidManifest.xml:17:13-43
73            android:exported="false" >
73-->[com.google.mlkit:common:18.10.0] AndroidManifest.xml:18:13-37
74            <meta-data
74-->[com.google.mlkit:common:18.10.0] AndroidManifest.xml:20:13-22:85
75                android:name="com.google.firebase.components:com.google.mlkit.common.internal.CommonComponentRegistrar"
75-->[com.google.mlkit:common:18.10.0] AndroidManifest.xml:21:17-120
76                android:value="com.google.firebase.components.ComponentRegistrar" />
76-->[com.google.mlkit:common:18.10.0] AndroidManifest.xml:22:17-82
77        </service>
78
79        <activity
79-->[com.google.android.gms:play-services-base:18.1.0] AndroidManifest.xml:20:9-22:45
80            android:name="com.google.android.gms.common.api.GoogleApiActivity"
80-->[com.google.android.gms:play-services-base:18.1.0] AndroidManifest.xml:20:19-85
81            android:exported="false"
81-->[com.google.android.gms:play-services-base:18.1.0] AndroidManifest.xml:22:19-43
82            android:theme="@android:style/Theme.Translucent.NoTitleBar" />
82-->[com.google.android.gms:play-services-base:18.1.0] AndroidManifest.xml:21:19-78
83
84        <meta-data
84-->[com.google.android.gms:play-services-basement:18.1.0] AndroidManifest.xml:21:9-23:69
85            android:name="com.google.android.gms.version"
85-->[com.google.android.gms:play-services-basement:18.1.0] AndroidManifest.xml:22:13-58
86            android:value="@integer/google_play_services_version" />
86-->[com.google.android.gms:play-services-basement:18.1.0] AndroidManifest.xml:23:13-66
87
88        <uses-library
88-->[androidx.window:window:1.0.0] AndroidManifest.xml:25:9-27:40
89            android:name="androidx.window.extensions"
89-->[androidx.window:window:1.0.0] AndroidManifest.xml:26:13-54
90            android:required="false" />
90-->[androidx.window:window:1.0.0] AndroidManifest.xml:27:13-37
91        <uses-library
91-->[androidx.window:window:1.0.0] AndroidManifest.xml:28:9-30:40
92            android:name="androidx.window.sidecar"
92-->[androidx.window:window:1.0.0] AndroidManifest.xml:29:13-51
93            android:required="false" />
93-->[androidx.window:window:1.0.0] AndroidManifest.xml:30:13-37
94
95        <provider
95-->[androidx.emoji2:emoji2:1.3.0] AndroidManifest.xml:24:9-32:20
96            android:name="androidx.startup.InitializationProvider"
96-->[androidx.emoji2:emoji2:1.3.0] AndroidManifest.xml:25:13-67
97            android:authorities="com.akuras.pdfscanner.androidx-startup"
97-->[androidx.emoji2:emoji2:1.3.0] AndroidManifest.xml:26:13-68
98            android:exported="false" >
98-->[androidx.emoji2:emoji2:1.3.0] AndroidManifest.xml:27:13-37
99            <meta-data
99-->[androidx.emoji2:emoji2:1.3.0] AndroidManifest.xml:29:13-31:52
100                android:name="androidx.emoji2.text.EmojiCompatInitializer"
100-->[androidx.emoji2:emoji2:1.3.0] AndroidManifest.xml:30:17-75
101                android:value="androidx.startup" />
101-->[androidx.emoji2:emoji2:1.3.0] AndroidManifest.xml:31:17-49
102            <meta-data
102-->[androidx.lifecycle:lifecycle-process:2.8.3] AndroidManifest.xml:29:13-31:52
103                android:name="androidx.lifecycle.ProcessLifecycleInitializer"
103-->[androidx.lifecycle:lifecycle-process:2.8.3] AndroidManifest.xml:30:17-78
104                android:value="androidx.startup" />
104-->[androidx.lifecycle:lifecycle-process:2.8.3] AndroidManifest.xml:31:17-49
105            <meta-data
105-->[androidx.profileinstaller:profileinstaller:1.4.0] AndroidManifest.xml:29:13-31:52
106                android:name="androidx.profileinstaller.ProfileInstallerInitializer"
106-->[androidx.profileinstaller:profileinstaller:1.4.0] AndroidManifest.xml:30:17-85
107                android:value="androidx.startup" />
107-->[androidx.profileinstaller:profileinstaller:1.4.0] AndroidManifest.xml:31:17-49
108        </provider>
109
110        <service
110-->[com.google.android.datatransport:transport-backend-cct:2.3.3] AndroidManifest.xml:29:9-35:19
111            android:name="com.google.android.datatransport.runtime.backends.TransportBackendDiscovery"
111-->[com.google.android.datatransport:transport-backend-cct:2.3.3] AndroidManifest.xml:30:13-103
112            android:exported="false" >
112-->[com.google.android.datatransport:transport-backend-cct:2.3.3] AndroidManifest.xml:31:13-37
113            <meta-data
113-->[com.google.android.datatransport:transport-backend-cct:2.3.3] AndroidManifest.xml:32:13-34:39
114                android:name="backend:com.google.android.datatransport.cct.CctBackendFactory"
114-->[com.google.android.datatransport:transport-backend-cct:2.3.3] AndroidManifest.xml:33:17-94
115                android:value="cct" />
115-->[com.google.android.datatransport:transport-backend-cct:2.3.3] AndroidManifest.xml:34:17-36
116        </service>
117        <service
117-->[com.google.android.datatransport:transport-runtime:2.2.6] AndroidManifest.xml:26:9-30:19
118            android:name="com.google.android.datatransport.runtime.scheduling.jobscheduling.JobInfoSchedulerService"
118-->[com.google.android.datatransport:transport-runtime:2.2.6] AndroidManifest.xml:27:13-117
119            android:exported="false"
119-->[com.google.android.datatransport:transport-runtime:2.2.6] AndroidManifest.xml:28:13-37
120            android:permission="android.permission.BIND_JOB_SERVICE" >
120-->[com.google.android.datatransport:transport-runtime:2.2.6] AndroidManifest.xml:29:13-69
121        </service>
122
123        <receiver
123-->[com.google.android.datatransport:transport-runtime:2.2.6] AndroidManifest.xml:32:9-34:40
124            android:name="com.google.android.datatransport.runtime.scheduling.jobscheduling.AlarmManagerSchedulerBroadcastReceiver"
124-->[com.google.android.datatransport:transport-runtime:2.2.6] AndroidManifest.xml:33:13-132
125            android:exported="false" />
125-->[com.google.android.datatransport:transport-runtime:2.2.6] AndroidManifest.xml:34:13-37
126        <receiver
126-->[androidx.profileinstaller:profileinstaller:1.4.0] AndroidManifest.xml:34:9-52:20
127            android:name="androidx.profileinstaller.ProfileInstallReceiver"
127-->[androidx.profileinstaller:profileinstaller:1.4.0] AndroidManifest.xml:35:13-76
128            android:directBootAware="false"
128-->[androidx.profileinstaller:profileinstaller:1.4.0] AndroidManifest.xml:36:13-44
129            android:enabled="true"
129-->[androidx.profileinstaller:profileinstaller:1.4.0] AndroidManifest.xml:37:13-35
130            android:exported="true"
130-->[androidx.profileinstaller:profileinstaller:1.4.0] AndroidManifest.xml:38:13-36
131            android:permission="android.permission.DUMP" >
131-->[androidx.profileinstaller:profileinstaller:1.4.0] AndroidManifest.xml:39:13-57
132            <intent-filter>
132-->[androidx.profileinstaller:profileinstaller:1.4.0] AndroidManifest.xml:40:13-42:29
133                <action android:name="androidx.profileinstaller.action.INSTALL_PROFILE" />
133-->[androidx.profileinstaller:profileinstaller:1.4.0] AndroidManifest.xml:41:17-91
133-->[androidx.profileinstaller:profileinstaller:1.4.0] AndroidManifest.xml:41:25-88
134            </intent-filter>
135            <intent-filter>
135-->[androidx.profileinstaller:profileinstaller:1.4.0] AndroidManifest.xml:43:13-45:29
136                <action android:name="androidx.profileinstaller.action.SKIP_FILE" />
136-->[androidx.profileinstaller:profileinstaller:1.4.0] AndroidManifest.xml:44:17-85
136-->[androidx.profileinstaller:profileinstaller:1.4.0] AndroidManifest.xml:44:25-82
137            </intent-filter>
138            <intent-filter>
138-->[androidx.profileinstaller:profileinstaller:1.4.0] AndroidManifest.xml:46:13-48:29
139                <action android:name="androidx.profileinstaller.action.SAVE_PROFILE" />
139-->[androidx.profileinstaller:profileinstaller:1.4.0] AndroidManifest.xml:47:17-88
139-->[androidx.profileinstaller:profileinstaller:1.4.0] AndroidManifest.xml:47:25-85
140            </intent-filter>
141            <intent-filter>
141-->[androidx.profileinstaller:profileinstaller:1.4.0] AndroidManifest.xml:49:13-51:29
142                <action android:name="androidx.profileinstaller.action.BENCHMARK_OPERATION" />
142-->[androidx.profileinstaller:profileinstaller:1.4.0] AndroidManifest.xml:50:17-95
142-->[androidx.profileinstaller:profileinstaller:1.4.0] AndroidManifest.xml:50:25-92
143            </intent-filter>
144        </receiver>
145    </application>
146
147</manifest>